<?xml version="1.0" encoding="UTF-8"?>
<testsuite name="ImmutabilityTests" tests="1" skipped="0" failures="0" errors="0" timestamp="2024-01-23T16:55:36" hostname="DESKTOP-TVRVRTT" time="0.11">
  <properties/>
  <testcase name="start" classname="ImmutabilityTests" time="0.11"/>
  <system-out><![CDATA[?[1;31m
Start test 1?[0m
?[1;31m
Start test 2?[0m
?[1;31m
Start test 3?[0m
?[1;31m
Start test 4?[0m
?[1;31m
Start test 5?[0m
]]></system-out>
  <system-err><![CDATA[]]></system-err>
</testsuite>
